<?xml version="1.0" encoding="UTF-8"?>
<!-- Generated by org.testng.reporters.JUnitReportReporter -->
<testsuite hostname="JAINIK" failures="0" tests="1" name="test1.OpenEMR" time="18.305" errors="0" timestamp="2022-01-11T21:13:57 EST" skipped="0">
  <testcase classname="test1.OpenEMR" name="createPatient" time="18.305"/>
  <system-out/>
</testsuite> <!-- test1.OpenEMR -->
